<?xml version="1.0" encoding="UTF-8"?>
<!-- Generated by org.testng.reporters.JUnitReportReporter -->
<testsuite name="com.wbl.SeleniumGrid" tests="1" time="34.918" ignored="0" failures="0" timestamp="12 Jul 2017 23:50:34 GMT" skipped="0" hostname="DESKTOP-ID9MJDP" errors="0">
  <testcase name="gridTest" time="34.918" classname="com.wbl.SeleniumGrid"/>
</testsuite> <!-- com.wbl.SeleniumGrid -->
