<?xml version="1.0" encoding="UTF-8"?>
<!-- Generated by org.testng.reporters.JUnitReportReporter -->
<testsuite name="com.wbl.SeleniumGrid_Node2" tests="1" time="9.131" ignored="0" failures="0" timestamp="13 Jul 2017 00:24:29 GMT" skipped="0" hostname="DESKTOP-ID9MJDP" errors="0">
  <testcase name="gridTest" time="9.131" classname="com.wbl.SeleniumGrid_Node2"/>
</testsuite> <!-- com.wbl.SeleniumGrid_Node2 -->
